{
  "stats": {
    "suites": 1,
    "tests": 1,
    "passes": 1,
    "pending": 0,
    "failures": 0,
    "start": "2021-11-06T18:49:25.585Z",
    "end": "2021-11-06T18:49:51.329Z",
    "duration": 25744,
    "testsRegistered": 1,
    "passPercent": 100,
    "pendingPercent": 0,
    "other": 0,
    "hasOther": false,
    "skipped": 0,
    "hasSkipped": false
  },
  "results": [
    {
      "uuid": "9f64d571-6280-42bd-af08-22bf1eaf33f4",
      "title": "",
      "fullFile": "cypress/integration/regression-testing.spec.js",
      "file": "cypress/integration/regression-testing.spec.js",
      "beforeHooks": [],
      "afterHooks": [],
      "tests": [],
      "suites": [
        {
          "uuid": "e87a14fe-b35d-49d2-a19e-c648503e486c",
          "title": "Regression testing suite",
          "fullFile": "",
          "file": "",
          "beforeHooks": [],
          "afterHooks": [],
          "tests": [
            {
              "title": "Create and delete room",
              "fullTitle": "Regression testing suite Create and delete room",
              "timedOut": null,
              "duration": 18955,
              "state": "passed",
              "speed": "slow",
              "pass": true,
              "fail": false,
              "pending": false,
              "context": null,
              "code": "let category = 0;\nlet floorNmbr = '5';\nlet roomNmbr = '501';\nlet available = true;\nlet price = '1000';\nlet features = [1, 2];\ndashboard.viewRooms('Rooms');\nroom.createRoom(category, floorNmbr, roomNmbr, available, price, features, 'New Room');\nroom.deleteRoom();\nroom.backToDashboard('Tester Hotel Overview');",
              "err": {},
              "uuid": "f413a2ca-1c3e-4b23-ace1-088ece9bf742",
              "parentUUID": "e87a14fe-b35d-49d2-a19e-c648503e486c",
              "isHook": false,
              "skipped": false
            }
          ],
          "suites": [],
          "passes": [
            "f413a2ca-1c3e-4b23-ace1-088ece9bf742"
          ],
          "failures": [],
          "pending": [],
          "skipped": [],
          "duration": 18955,
          "root": false,
          "rootEmpty": false,
          "_timeout": 2000
        }
      ],
      "passes": [],
      "failures": [],
      "pending": [],
      "skipped": [],
      "duration": 0,
      "root": true,
      "rootEmpty": true,
      "_timeout": 2000
    }
  ],
  "meta": {
    "mocha": {
      "version": "7.0.1"
    },
    "mochawesome": {
      "options": {
        "quiet": false,
        "reportFilename": "mochawesome",
        "saveHtml": true,
        "saveJson": true,
        "consoleReporter": "spec",
        "useInlineDiffs": false,
        "code": true
      },
      "version": "7.0.1"
    },
    "marge": {
      "options": {
        "reportDir": "cypress/report/mochawesome-report",
        "overwrite": false,
        "html": true,
        "json": true,
        "timestamp": "mmddyyy_HHMMss"
      },
      "version": "6.0.1"
    }
  }
}