{
  "stats": {
    "suites": 1,
    "tests": 5,
    "passes": 4,
    "pending": 0,
    "failures": 1,
    "start": "2021-11-06T19:54:44.599Z",
    "end": "2021-11-06T19:55:48.268Z",
    "duration": 63669,
    "testsRegistered": 5,
    "passPercent": 80,
    "pendingPercent": 0,
    "other": 0,
    "hasOther": false,
    "skipped": 0,
    "hasSkipped": false
  },
  "results": [
    {
      "uuid": "ae1b5808-49a1-482a-b5f8-e1f3339a019e",
      "title": "",
      "fullFile": "cypress/integration/regression-testing.spec.js",
      "file": "cypress/integration/regression-testing.spec.js",
      "beforeHooks": [],
      "afterHooks": [],
      "tests": [],
      "suites": [
        {
          "uuid": "9c79e22c-d2a6-43cd-bd20-8c68e7bd975f",
          "title": "Regression testing suite",
          "fullFile": "",
          "file": "",
          "beforeHooks": [],
          "afterHooks": [],
          "tests": [
            {
              "title": "Navigate all the pages",
              "fullTitle": "Regression testing suite Navigate all the pages",
              "timedOut": null,
              "duration": 32322,
              "state": "failed",
              "speed": null,
              "pass": false,
              "fail": true,
              "pending": false,
              "context": null,
              "code": "dashboard.viewRooms('Rooms');\nroom.checkCreatePage('New Room');\nroom.checkEditPage('Room: ');\nroom.backToDashboard('Tester Hotel Overview');\ndashboard.viewClients('Clients');\nclient.checkCreatePage('New Client');\nclient.checkEditPage('Client: ');\nclient.backToDashboard('Tester Hotel Overview');\ndashboard.viewBills('Bills');\nbill.checkCreatePage('New Bill');\nbill.checkEditPage('Bill: ');\nbill.backToDashboard('Tester Hotel Overview');\ndashboard.viewReservations('Reservations');\nreservation.checkCreatePage('New Reservation');\nreservation.checkEditPage('Reservation: ');\nreservation.backToDashboard('Tester Hotel Overview');",
              "err": {
                "message": "AssertionError: Timed out retrying after 4000ms: Expected to find element: `:nth-child(1) > .action > img`, but never found it.",
                "estack": "AssertionError: Timed out retrying after 4000ms: Expected to find element: `:nth-child(1) > .action > img`, but never found it.\n    at Object.checkEditPage (http://localhost:3000/__cypress/tests?p=cypress/integration/regression-testing.spec.js:447:6)\n    at Context.eval (http://localhost:3000/__cypress/tests?p=cypress/integration/regression-testing.spec.js:143:17)",
                "diff": null
              },
              "uuid": "501edcdb-6a1b-404a-a8d1-a20774718d15",
              "parentUUID": "9c79e22c-d2a6-43cd-bd20-8c68e7bd975f",
              "isHook": false,
              "skipped": false
            },
            {
              "title": "Create and delete room",
              "fullTitle": "Regression testing suite Create and delete room",
              "timedOut": null,
              "duration": 6562,
              "state": "passed",
              "speed": "slow",
              "pass": true,
              "fail": false,
              "pending": false,
              "context": null,
              "code": "let category = 0;\nlet floorNmbr = '5';\nlet roomNmbr = '501';\nlet available = true;\nlet price = '1000';\nlet features = [1, 2];\ndashboard.viewRooms('Rooms');\nroom.createRoom(category, floorNmbr, roomNmbr, available, price, features, 'New Room');\nroom.deleteRoom();\nroom.backToDashboard('Tester Hotel Overview');",
              "err": {},
              "uuid": "56d885b5-abb2-40a6-8486-d47cb02211a8",
              "parentUUID": "9c79e22c-d2a6-43cd-bd20-8c68e7bd975f",
              "isHook": false,
              "skipped": false
            },
            {
              "title": "Create and delete client",
              "fullTitle": "Regression testing suite Create and delete client",
              "timedOut": null,
              "duration": 5760,
              "state": "passed",
              "speed": "slow",
              "pass": true,
              "fail": false,
              "pending": false,
              "context": null,
              "code": "let name = 'testname';\nlet email = 'test@mail.com';\nlet phone = '070-1234567';\ndashboard.viewClients('Clients');\nclient.createClient(name, email, phone, 'New Client');\nclient.deleteClient();\nclient.backToDashboard('Tester Hotel Overview');",
              "err": {},
              "uuid": "6c6bdce6-b6ea-4800-9dc7-aa4588bec194",
              "parentUUID": "9c79e22c-d2a6-43cd-bd20-8c68e7bd975f",
              "isHook": false,
              "skipped": false
            },
            {
              "title": "Create and delete bill",
              "fullTitle": "Regression testing suite Create and delete bill",
              "timedOut": null,
              "duration": 4763,
              "state": "passed",
              "speed": "slow",
              "pass": true,
              "fail": false,
              "pending": false,
              "context": null,
              "code": "let value = '1500';\nlet paid = true;\ndashboard.viewBills('Bills');\nbill.createBill(value, paid, 'New Bill');\nbill.deleteBill();\nbill.backToDashboard('Tester Hotel Overview');",
              "err": {},
              "uuid": "2b17ceda-053c-46e2-994c-71907b55ed50",
              "parentUUID": "9c79e22c-d2a6-43cd-bd20-8c68e7bd975f",
              "isHook": false,
              "skipped": false
            },
            {
              "title": "Create and delete reservation",
              "fullTitle": "Regression testing suite Create and delete reservation",
              "timedOut": null,
              "duration": 7431,
              "state": "passed",
              "speed": "slow",
              "pass": true,
              "fail": false,
              "pending": false,
              "context": null,
              "code": "let start = '2020-06-23';\nlet end = '2020-07-01';\nlet client = 1;\nlet room = 1;\nlet bill = 1;\ndashboard.viewReservations('Reservations');\nreservation.createReservation(start, end, client, room, bill, 'New Reservation');\nreservation.deleteReservation();\nreservation.backToDashboard('Tester Hotel Overview');",
              "err": {},
              "uuid": "dc003d75-a639-48f8-accb-35f03da54662",
              "parentUUID": "9c79e22c-d2a6-43cd-bd20-8c68e7bd975f",
              "isHook": false,
              "skipped": false
            }
          ],
          "suites": [],
          "passes": [
            "56d885b5-abb2-40a6-8486-d47cb02211a8",
            "6c6bdce6-b6ea-4800-9dc7-aa4588bec194",
            "2b17ceda-053c-46e2-994c-71907b55ed50",
            "dc003d75-a639-48f8-accb-35f03da54662"
          ],
          "failures": [
            "501edcdb-6a1b-404a-a8d1-a20774718d15"
          ],
          "pending": [],
          "skipped": [],
          "duration": 56838,
          "root": false,
          "rootEmpty": false,
          "_timeout": 2000
        }
      ],
      "passes": [],
      "failures": [],
      "pending": [],
      "skipped": [],
      "duration": 0,
      "root": true,
      "rootEmpty": true,
      "_timeout": 2000
    }
  ],
  "meta": {
    "mocha": {
      "version": "7.0.1"
    },
    "mochawesome": {
      "options": {
        "quiet": false,
        "reportFilename": "mochawesome",
        "saveHtml": true,
        "saveJson": true,
        "consoleReporter": "spec",
        "useInlineDiffs": false,
        "code": true
      },
      "version": "7.0.1"
    },
    "marge": {
      "options": {
        "reportDir": "cypress/report/mochawesome-report",
        "overwrite": false,
        "html": true,
        "json": true,
        "timestamp": "mmddyyy_HHMMss"
      },
      "version": "6.0.1"
    }
  }
}