{
  "stats": {
    "suites": 1,
    "tests": 5,
    "passes": 4,
    "pending": 0,
    "failures": 1,
    "start": "2021-11-06T19:57:33.362Z",
    "end": "2021-11-06T19:58:37.296Z",
    "duration": 63934,
    "testsRegistered": 5,
    "passPercent": 80,
    "pendingPercent": 0,
    "other": 0,
    "hasOther": false,
    "skipped": 0,
    "hasSkipped": false
  },
  "results": [
    {
      "uuid": "5ec2a861-8418-4cb0-8b76-3654a68f30aa",
      "title": "",
      "fullFile": "cypress/integration/regression-testing.spec.js",
      "file": "cypress/integration/regression-testing.spec.js",
      "beforeHooks": [],
      "afterHooks": [],
      "tests": [],
      "suites": [
        {
          "uuid": "a1bf9747-f738-4335-aae9-1a95438108ac",
          "title": "Regression testing suite",
          "fullFile": "",
          "file": "",
          "beforeHooks": [],
          "afterHooks": [],
          "tests": [
            {
              "title": "Navigate all the pages",
              "fullTitle": "Regression testing suite Navigate all the pages",
              "timedOut": null,
              "duration": 33708,
              "state": "failed",
              "speed": null,
              "pass": false,
              "fail": true,
              "pending": false,
              "context": null,
              "code": "dashboard.viewRooms('Rooms');\nroom.checkCreatePage('New Room');\nroom.checkEditPage('Room: ');\nroom.backToDashboard('Tester Hotel Overview');\ndashboard.viewClients('Clients');\nclient.checkCreatePage('New Client');\nclient.checkEditPage('Client: ');\nclient.backToDashboard('Tester Hotel Overview');\ndashboard.viewBills('Bills');\nbill.checkCreatePage('New Bill');\nbill.checkEditPage('Bill: ');\nbill.backToDashboard('Tester Hotel Overview');\ndashboard.viewReservations('Reservations');\nreservation.checkCreatePage('New Reservation');\nreservation.checkEditPage('Reservation: ');\nreservation.backToDashboard('Tester Hotel Overview');",
              "err": {
                "message": "AssertionError: Timed out retrying after 4000ms: Expected to find element: `:nth-child(1) > .action > img`, but never found it.",
                "estack": "AssertionError: Timed out retrying after 4000ms: Expected to find element: `:nth-child(1) > .action > img`, but never found it.\n    at Object.checkEditPage (http://localhost:3000/__cypress/tests?p=cypress/integration/regression-testing.spec.js:447:6)\n    at Context.eval (http://localhost:3000/__cypress/tests?p=cypress/integration/regression-testing.spec.js:143:17)",
                "diff": null
              },
              "uuid": "2cb81e3e-3597-4222-97b1-0b221fe446c3",
              "parentUUID": "a1bf9747-f738-4335-aae9-1a95438108ac",
              "isHook": false,
              "skipped": false
            },
            {
              "title": "Create and delete room",
              "fullTitle": "Regression testing suite Create and delete room",
              "timedOut": null,
              "duration": 6007,
              "state": "passed",
              "speed": "slow",
              "pass": true,
              "fail": false,
              "pending": false,
              "context": null,
              "code": "let category = 0;\nlet floorNmbr = '5';\nlet roomNmbr = '501';\nlet available = true;\nlet price = '1000';\nlet features = [1, 2];\ndashboard.viewRooms('Rooms');\nroom.createRoom(category, floorNmbr, roomNmbr, available, price, features, 'New Room');\nroom.deleteRoom();\nroom.backToDashboard('Tester Hotel Overview');",
              "err": {},
              "uuid": "82d1b960-2de0-4f39-9fd3-ef3a014affc9",
              "parentUUID": "a1bf9747-f738-4335-aae9-1a95438108ac",
              "isHook": false,
              "skipped": false
            },
            {
              "title": "Create and delete client",
              "fullTitle": "Regression testing suite Create and delete client",
              "timedOut": null,
              "duration": 5644,
              "state": "passed",
              "speed": "slow",
              "pass": true,
              "fail": false,
              "pending": false,
              "context": null,
              "code": "let name = 'testname';\nlet email = 'test@mail.com';\nlet phone = '070-1234567';\ndashboard.viewClients('Clients');\nclient.createClient(name, email, phone, 'New Client');\nclient.deleteClient();\nclient.backToDashboard('Tester Hotel Overview');",
              "err": {},
              "uuid": "3cf76a61-3173-4c78-9ed2-f0983be22ac7",
              "parentUUID": "a1bf9747-f738-4335-aae9-1a95438108ac",
              "isHook": false,
              "skipped": false
            },
            {
              "title": "Create and delete bill",
              "fullTitle": "Regression testing suite Create and delete bill",
              "timedOut": null,
              "duration": 5377,
              "state": "passed",
              "speed": "slow",
              "pass": true,
              "fail": false,
              "pending": false,
              "context": null,
              "code": "let value = '1500';\nlet paid = true;\ndashboard.viewBills('Bills');\nbill.createBill(value, paid, 'New Bill');\nbill.deleteBill();\nbill.backToDashboard('Tester Hotel Overview');",
              "err": {},
              "uuid": "1ad27c25-237e-4c21-9bd9-d5c1c06e3b0b",
              "parentUUID": "a1bf9747-f738-4335-aae9-1a95438108ac",
              "isHook": false,
              "skipped": false
            },
            {
              "title": "Create and delete reservation",
              "fullTitle": "Regression testing suite Create and delete reservation",
              "timedOut": null,
              "duration": 6789,
              "state": "passed",
              "speed": "slow",
              "pass": true,
              "fail": false,
              "pending": false,
              "context": null,
              "code": "let start = '2020-06-23';\nlet end = '2020-07-01';\nlet client = 1;\nlet room = 1;\nlet bill = 1;\ndashboard.viewReservations('Reservations');\nreservation.createReservation(start, end, client, room, bill, 'New Reservation');\nreservation.deleteReservation();\nreservation.backToDashboard('Tester Hotel Overview');",
              "err": {},
              "uuid": "c33ed4af-4bb6-42d4-bc0d-3dd3d9433693",
              "parentUUID": "a1bf9747-f738-4335-aae9-1a95438108ac",
              "isHook": false,
              "skipped": false
            }
          ],
          "suites": [],
          "passes": [
            "82d1b960-2de0-4f39-9fd3-ef3a014affc9",
            "3cf76a61-3173-4c78-9ed2-f0983be22ac7",
            "1ad27c25-237e-4c21-9bd9-d5c1c06e3b0b",
            "c33ed4af-4bb6-42d4-bc0d-3dd3d9433693"
          ],
          "failures": [
            "2cb81e3e-3597-4222-97b1-0b221fe446c3"
          ],
          "pending": [],
          "skipped": [],
          "duration": 57525,
          "root": false,
          "rootEmpty": false,
          "_timeout": 2000
        }
      ],
      "passes": [],
      "failures": [],
      "pending": [],
      "skipped": [],
      "duration": 0,
      "root": true,
      "rootEmpty": true,
      "_timeout": 2000
    }
  ],
  "meta": {
    "mocha": {
      "version": "7.0.1"
    },
    "mochawesome": {
      "options": {
        "quiet": false,
        "reportFilename": "mochawesome",
        "saveHtml": true,
        "saveJson": true,
        "consoleReporter": "spec",
        "useInlineDiffs": false,
        "code": true
      },
      "version": "7.0.1"
    },
    "marge": {
      "options": {
        "reportDir": "cypress/report/mochawesome-report",
        "overwrite": false,
        "html": true,
        "json": true,
        "timestamp": "mmddyyy_HHMMss"
      },
      "version": "6.0.1"
    }
  }
}