{
  "stats": {
    "suites": 1,
    "tests": 5,
    "passes": 3,
    "pending": 0,
    "failures": 2,
    "start": "2021-11-05T20:33:56.756Z",
    "end": "2021-11-05T20:34:59.648Z",
    "duration": 62892,
    "testsRegistered": 5,
    "passPercent": 60,
    "pendingPercent": 0,
    "other": 0,
    "hasOther": false,
    "skipped": 0,
    "hasSkipped": false
  },
  "results": [
    {
      "uuid": "86f333db-1ac8-417f-8d80-24ebdbce577e",
      "title": "",
      "fullFile": "cypress/integration/regression-testing.spec.js",
      "file": "cypress/integration/regression-testing.spec.js",
      "beforeHooks": [],
      "afterHooks": [],
      "tests": [],
      "suites": [
        {
          "uuid": "01cc447b-0dc2-40b6-aac2-0e61de171ac3",
          "title": "Regression testing suite",
          "fullFile": "",
          "file": "",
          "beforeHooks": [],
          "afterHooks": [],
          "tests": [
            {
              "title": "Navigate the page",
              "fullTitle": "Regression testing suite Navigate the page",
              "timedOut": null,
              "duration": 31752,
              "state": "failed",
              "speed": null,
              "pass": false,
              "fail": true,
              "pending": false,
              "context": null,
              "code": "dashboard.viewRooms('Rooms');\nroom.checkCreatePage('New Room');\nroom.checkEditPage('Room: ');\nroom.backToDashboard();\ndashboard.viewClients('Clients');\nclient.checkCreatePage('New Client');\nclient.checkEditPage('Client: ');\nclient.backToDashboard();\ndashboard.viewBills('Bills');\nbill.checkCreatePage('New Bill');\nbill.checkEditPage('Bill: ');\nclient.backToDashboard();\ndashboard.viewReservations('Reservations');\nreservation.checkCreatePage('New Reservation');\nreservation.checkEditPage('Reservation: ');\nclient.backToDashboard();",
              "err": {
                "message": "AssertionError: Timed out retrying after 4000ms: Expected to find content: '/ellipsis.svg' within the selector: 'img' but never did.",
                "estack": "AssertionError: Timed out retrying after 4000ms: Expected to find content: '/ellipsis.svg' within the selector: 'img' but never did.\n    at Object.checkEditPage (http://localhost:3000/__cypress/tests?p=cypress/integration/regression-testing.spec.js:446:6)\n    at Context.eval (http://localhost:3000/__cypress/tests?p=cypress/integration/regression-testing.spec.js:142:17)",
                "diff": null
              },
              "uuid": "c00788be-eba4-4a02-a9bf-876bd1700f6f",
              "parentUUID": "01cc447b-0dc2-40b6-aac2-0e61de171ac3",
              "isHook": false,
              "skipped": false
            },
            {
              "title": "Create and delete room",
              "fullTitle": "Regression testing suite Create and delete room",
              "timedOut": null,
              "duration": 5867,
              "state": "passed",
              "speed": "slow",
              "pass": true,
              "fail": false,
              "pending": false,
              "context": null,
              "code": "let category = 0;\nlet floorNmbr = 5;\nlet roomNmbr = 501;\nlet available = true;\nlet price = 1000;\nlet features = [1, 2];\ndashboard.viewRooms('Rooms');\nroom.createRoom(category, floorNmbr, roomNmbr, available, price, features, 'New Room');\nroom.deleteRoom();\nroom.backToDashboard('Tester Hotel Overview');",
              "err": {},
              "uuid": "175c8fec-917a-4bc9-b4ae-3907ec02a04d",
              "parentUUID": "01cc447b-0dc2-40b6-aac2-0e61de171ac3",
              "isHook": false,
              "skipped": false
            },
            {
              "title": "Create and delete client",
              "fullTitle": "Regression testing suite Create and delete client",
              "timedOut": null,
              "duration": 5506,
              "state": "passed",
              "speed": "slow",
              "pass": true,
              "fail": false,
              "pending": false,
              "context": null,
              "code": "let name = 'testname';\nlet email = 'test@mail.com';\nlet phone = '070-1234567';\ndashboard.viewClients('Clients');\nclient.createClient(name, email, phone, 'New Client');\nclient.deleteClient();\nclient.backToDashboard('Tester Hotel Overview');",
              "err": {},
              "uuid": "f3a7f6ef-1470-4eaf-9700-0c5c542dc99a",
              "parentUUID": "01cc447b-0dc2-40b6-aac2-0e61de171ac3",
              "isHook": false,
              "skipped": false
            },
            {
              "title": "Create and delete bill",
              "fullTitle": "Regression testing suite Create and delete bill",
              "timedOut": null,
              "duration": 4246,
              "state": "passed",
              "speed": "slow",
              "pass": true,
              "fail": false,
              "pending": false,
              "context": null,
              "code": "let value = '1500';\nlet paid = true;\ndashboard.viewBills('Bills');\nbill.createBill(value, paid, 'New Bill');\nbill.deleteBill();\nbill.backToDashboard('Tester Hotel Overview');",
              "err": {},
              "uuid": "ea0fe6be-92ec-4c2b-8f28-574d4ef5867f",
              "parentUUID": "01cc447b-0dc2-40b6-aac2-0e61de171ac3",
              "isHook": false,
              "skipped": false
            },
            {
              "title": "Create and delete reservation",
              "fullTitle": "Regression testing suite Create and delete reservation",
              "timedOut": null,
              "duration": 8140,
              "state": "failed",
              "speed": null,
              "pass": false,
              "fail": true,
              "pending": false,
              "context": null,
              "code": "let start = '2020-06-23';\nlet end = '2020-07-01';\nlet client = 1;\nlet room = 1;\nlet bill = 1;\ndashboard.viewReservations('Reservations');\nreservation.createReservation(start, end, client, room, bill, 'New Reservation');\nreservation.deleteReservation();\nreservation.backToDashboard('Tester Hotel Overview');",
              "err": {
                "message": "AssertionError: Timed out retrying after 4000ms: Expected to find content: 'START' within the selector: 'label' but never did.",
                "estack": "AssertionError: Timed out retrying after 4000ms: Expected to find content: 'START' within the selector: 'label' but never did.\n    at Object.createReservation (http://localhost:3000/__cypress/tests?p=cypress/integration/regression-testing.spec.js:459:6)\n    at Context.eval (http://localhost:3000/__cypress/tests?p=cypress/integration/regression-testing.spec.js:181:17)",
                "diff": null
              },
              "uuid": "c0c28c17-4ee2-40ac-978c-614931eb1f9d",
              "parentUUID": "01cc447b-0dc2-40b6-aac2-0e61de171ac3",
              "isHook": false,
              "skipped": false
            }
          ],
          "suites": [],
          "passes": [
            "175c8fec-917a-4bc9-b4ae-3907ec02a04d",
            "f3a7f6ef-1470-4eaf-9700-0c5c542dc99a",
            "ea0fe6be-92ec-4c2b-8f28-574d4ef5867f"
          ],
          "failures": [
            "c00788be-eba4-4a02-a9bf-876bd1700f6f",
            "c0c28c17-4ee2-40ac-978c-614931eb1f9d"
          ],
          "pending": [],
          "skipped": [],
          "duration": 55511,
          "root": false,
          "rootEmpty": false,
          "_timeout": 2000
        }
      ],
      "passes": [],
      "failures": [],
      "pending": [],
      "skipped": [],
      "duration": 0,
      "root": true,
      "rootEmpty": true,
      "_timeout": 2000
    }
  ],
  "meta": {
    "mocha": {
      "version": "7.0.1"
    },
    "mochawesome": {
      "options": {
        "quiet": false,
        "reportFilename": "mochawesome",
        "saveHtml": true,
        "saveJson": true,
        "consoleReporter": "spec",
        "useInlineDiffs": false,
        "code": true
      },
      "version": "7.0.1"
    },
    "marge": {
      "options": {
        "reportDir": "cypress/report/mochawesome-report",
        "overwrite": false,
        "html": true,
        "json": true,
        "timestamp": "mmddyyy_HHMMss"
      },
      "version": "6.0.1"
    }
  }
}