{
  "stats": {
    "suites": 1,
    "tests": 5,
    "passes": 4,
    "pending": 0,
    "failures": 1,
    "start": "2021-11-06T19:49:37.786Z",
    "end": "2021-11-06T19:50:47.757Z",
    "duration": 69971,
    "testsRegistered": 5,
    "passPercent": 80,
    "pendingPercent": 0,
    "other": 0,
    "hasOther": false,
    "skipped": 0,
    "hasSkipped": false
  },
  "results": [
    {
      "uuid": "8431ab2e-eeb5-428a-8fc9-40bb18b313b6",
      "title": "",
      "fullFile": "cypress/integration/regression-testing.spec.js",
      "file": "cypress/integration/regression-testing.spec.js",
      "beforeHooks": [],
      "afterHooks": [],
      "tests": [],
      "suites": [
        {
          "uuid": "16de751e-5bcf-4afa-81c9-570085468d93",
          "title": "Regression testing suite",
          "fullFile": "",
          "file": "",
          "beforeHooks": [],
          "afterHooks": [],
          "tests": [
            {
              "title": "Navigate all the pages",
              "fullTitle": "Regression testing suite Navigate all the pages",
              "timedOut": null,
              "duration": 40947,
              "state": "failed",
              "speed": null,
              "pass": false,
              "fail": true,
              "pending": false,
              "context": null,
              "code": "dashboard.viewRooms('Rooms');\nroom.checkCreatePage('New Room');\nroom.checkEditPage('Room: ');\nroom.backToDashboard('Tester Hotel Overview');\ndashboard.viewClients('Clients');\nclient.checkCreatePage('New Client');\nclient.checkEditPage('Client: ');\nclient.backToDashboard('Tester Hotel Overview');\ndashboard.viewBills('Bills');\nbill.checkCreatePage('New Bill');\nbill.checkEditPage('Bill: ');\nbill.backToDashboard('Tester Hotel Overview');\ndashboard.viewReservations('Reservations');\nreservation.checkCreatePage('New Reservation');\nreservation.checkEditPage('Reservation: ');\nreservation.backToDashboard('Tester Hotel Overview');",
              "err": {
                "message": "AssertionError: Timed out retrying after 4000ms: Expected to find element: `:nth-child(1) > .action > img`, but never found it.",
                "estack": "AssertionError: Timed out retrying after 4000ms: Expected to find element: `:nth-child(1) > .action > img`, but never found it.\n    at Object.checkEditPage (http://localhost:3000/__cypress/tests?p=cypress/integration/regression-testing.spec.js:448:6)\n    at Context.eval (http://localhost:3000/__cypress/tests?p=cypress/integration/regression-testing.spec.js:143:17)",
                "diff": null
              },
              "uuid": "6d8c0f65-4bfc-4174-968f-ea9b3c8da4cd",
              "parentUUID": "16de751e-5bcf-4afa-81c9-570085468d93",
              "isHook": false,
              "skipped": false
            },
            {
              "title": "Create and delete room",
              "fullTitle": "Regression testing suite Create and delete room",
              "timedOut": null,
              "duration": 6187,
              "state": "passed",
              "speed": "slow",
              "pass": true,
              "fail": false,
              "pending": false,
              "context": null,
              "code": "let category = 0;\nlet floorNmbr = '5';\nlet roomNmbr = '501';\nlet available = true;\nlet price = '1000';\nlet features = [1, 2];\ndashboard.viewRooms('Rooms');\nroom.createRoom(category, floorNmbr, roomNmbr, available, price, features, 'New Room');\nroom.deleteRoom();\nroom.backToDashboard('Tester Hotel Overview');",
              "err": {},
              "uuid": "b8b9f6f4-4662-4735-ad40-a4e46195b3dc",
              "parentUUID": "16de751e-5bcf-4afa-81c9-570085468d93",
              "isHook": false,
              "skipped": false
            },
            {
              "title": "Create and delete client",
              "fullTitle": "Regression testing suite Create and delete client",
              "timedOut": null,
              "duration": 5436,
              "state": "passed",
              "speed": "slow",
              "pass": true,
              "fail": false,
              "pending": false,
              "context": null,
              "code": "let name = 'testname';\nlet email = 'test@mail.com';\nlet phone = '070-1234567';\ndashboard.viewClients('Clients');\nclient.createClient(name, email, phone, 'New Client');\nclient.deleteClient();\nclient.backToDashboard('Tester Hotel Overview');",
              "err": {},
              "uuid": "c69185a6-705f-4882-82a2-4c3e9c970ac3",
              "parentUUID": "16de751e-5bcf-4afa-81c9-570085468d93",
              "isHook": false,
              "skipped": false
            },
            {
              "title": "Create and delete bill",
              "fullTitle": "Regression testing suite Create and delete bill",
              "timedOut": null,
              "duration": 4546,
              "state": "passed",
              "speed": "slow",
              "pass": true,
              "fail": false,
              "pending": false,
              "context": null,
              "code": "let value = '1500';\nlet paid = true;\ndashboard.viewBills('Bills');\nbill.createBill(value, paid, 'New Bill');\nbill.deleteBill();\nbill.backToDashboard('Tester Hotel Overview');",
              "err": {},
              "uuid": "8ffe07d1-2561-44bb-8825-5863c3471694",
              "parentUUID": "16de751e-5bcf-4afa-81c9-570085468d93",
              "isHook": false,
              "skipped": false
            },
            {
              "title": "Create and delete reservation",
              "fullTitle": "Regression testing suite Create and delete reservation",
              "timedOut": null,
              "duration": 5683,
              "state": "passed",
              "speed": "slow",
              "pass": true,
              "fail": false,
              "pending": false,
              "context": null,
              "code": "let start = '2020-06-23';\nlet end = '2020-07-01';\nlet client = 1;\nlet room = 1;\nlet bill = 1;\ndashboard.viewReservations('Reservations');\nreservation.createReservation(start, end, client, room, bill, 'New Reservation');\nreservation.deleteReservation();\nreservation.backToDashboard('Tester Hotel Overview');",
              "err": {},
              "uuid": "9558eeed-87e0-44d5-ae3a-3a5606f49d0c",
              "parentUUID": "16de751e-5bcf-4afa-81c9-570085468d93",
              "isHook": false,
              "skipped": false
            }
          ],
          "suites": [],
          "passes": [
            "b8b9f6f4-4662-4735-ad40-a4e46195b3dc",
            "c69185a6-705f-4882-82a2-4c3e9c970ac3",
            "8ffe07d1-2561-44bb-8825-5863c3471694",
            "9558eeed-87e0-44d5-ae3a-3a5606f49d0c"
          ],
          "failures": [
            "6d8c0f65-4bfc-4174-968f-ea9b3c8da4cd"
          ],
          "pending": [],
          "skipped": [],
          "duration": 62799,
          "root": false,
          "rootEmpty": false,
          "_timeout": 2000
        }
      ],
      "passes": [],
      "failures": [],
      "pending": [],
      "skipped": [],
      "duration": 0,
      "root": true,
      "rootEmpty": true,
      "_timeout": 2000
    }
  ],
  "meta": {
    "mocha": {
      "version": "7.0.1"
    },
    "mochawesome": {
      "options": {
        "quiet": false,
        "reportFilename": "mochawesome",
        "saveHtml": true,
        "saveJson": true,
        "consoleReporter": "spec",
        "useInlineDiffs": false,
        "code": true
      },
      "version": "7.0.1"
    },
    "marge": {
      "options": {
        "reportDir": "cypress/report/mochawesome-report",
        "overwrite": false,
        "html": true,
        "json": true,
        "timestamp": "mmddyyy_HHMMss"
      },
      "version": "6.0.1"
    }
  }
}