{
  "stats": {
    "suites": 1,
    "tests": 5,
    "passes": 5,
    "pending": 0,
    "failures": 0,
    "start": "2021-11-06T13:51:46.070Z",
    "end": "2021-11-06T13:52:46.776Z",
    "duration": 60706,
    "testsRegistered": 5,
    "passPercent": 100,
    "pendingPercent": 0,
    "other": 0,
    "hasOther": false,
    "skipped": 0,
    "hasSkipped": false
  },
  "results": [
    {
      "uuid": "5cc687d5-f6e2-4524-80cc-eca15166be4d",
      "title": "",
      "fullFile": "cypress/integration/regression-testing.spec.js",
      "file": "cypress/integration/regression-testing.spec.js",
      "beforeHooks": [],
      "afterHooks": [],
      "tests": [],
      "suites": [
        {
          "uuid": "8a5bdf12-e7a0-4a8d-8ca1-ee22f113547d",
          "title": "Regression testing suite",
          "fullFile": "",
          "file": "",
          "beforeHooks": [],
          "afterHooks": [],
          "tests": [
            {
              "title": "Navigate the page",
              "fullTitle": "Regression testing suite Navigate the page",
              "timedOut": null,
              "duration": 35416,
              "state": "passed",
              "speed": "slow",
              "pass": true,
              "fail": false,
              "pending": false,
              "context": null,
              "code": "dashboard.viewRooms('Rooms');\nroom.checkCreatePage('New Room');\nroom.checkEditPage('Room: ');\nroom.backToDashboard('Tester Hotel Overview');\ndashboard.viewClients('Clients');\nclient.checkCreatePage('New Client');\nclient.checkEditPage('Client: ');\nclient.backToDashboard('Tester Hotel Overview');\ndashboard.viewBills('Bills');\nbill.checkCreatePage('New Bill');\nbill.checkEditPage('Bill: ');\nclient.backToDashboard('Tester Hotel Overview');\ndashboard.viewReservations('Reservations');\nreservation.checkCreatePage('New Reservation');\nreservation.checkEditPage('Reservation: ');\nclient.backToDashboard('Tester Hotel Overview');",
              "err": {},
              "uuid": "4ffb460b-013c-419b-84f1-898d9c27d49d",
              "parentUUID": "8a5bdf12-e7a0-4a8d-8ca1-ee22f113547d",
              "isHook": false,
              "skipped": false
            },
            {
              "title": "Create and delete room",
              "fullTitle": "Regression testing suite Create and delete room",
              "timedOut": null,
              "duration": 5000,
              "state": "passed",
              "speed": "slow",
              "pass": true,
              "fail": false,
              "pending": false,
              "context": null,
              "code": "let category = 0;\nlet floorNmbr = 5;\nlet roomNmbr = 501;\nlet available = true;\nlet price = 1000;\nlet features = [1, 2];\ndashboard.viewRooms('Rooms');\nroom.createRoom(category, floorNmbr, roomNmbr, available, price, features, 'New Room');\nroom.deleteRoom();\nroom.backToDashboard('Tester Hotel Overview');",
              "err": {},
              "uuid": "5e1ef571-fe0d-4b94-8716-3e018fed14d6",
              "parentUUID": "8a5bdf12-e7a0-4a8d-8ca1-ee22f113547d",
              "isHook": false,
              "skipped": false
            },
            {
              "title": "Create and delete client",
              "fullTitle": "Regression testing suite Create and delete client",
              "timedOut": null,
              "duration": 4711,
              "state": "passed",
              "speed": "slow",
              "pass": true,
              "fail": false,
              "pending": false,
              "context": null,
              "code": "let name = 'testname';\nlet email = 'test@mail.com';\nlet phone = '070-1234567';\ndashboard.viewClients('Clients');\nclient.createClient(name, email, phone, 'New Client');\nclient.deleteClient();\nclient.backToDashboard('Tester Hotel Overview');",
              "err": {},
              "uuid": "bbcbee7e-426f-4c1c-a79e-2d232f571528",
              "parentUUID": "8a5bdf12-e7a0-4a8d-8ca1-ee22f113547d",
              "isHook": false,
              "skipped": false
            },
            {
              "title": "Create and delete bill",
              "fullTitle": "Regression testing suite Create and delete bill",
              "timedOut": null,
              "duration": 3973,
              "state": "passed",
              "speed": "slow",
              "pass": true,
              "fail": false,
              "pending": false,
              "context": null,
              "code": "let value = '1500';\nlet paid = true;\ndashboard.viewBills('Bills');\nbill.createBill(value, paid, 'New Bill');\nbill.deleteBill();\nbill.backToDashboard('Tester Hotel Overview');",
              "err": {},
              "uuid": "03700a62-b272-439f-86ff-e82813312c18",
              "parentUUID": "8a5bdf12-e7a0-4a8d-8ca1-ee22f113547d",
              "isHook": false,
              "skipped": false
            },
            {
              "title": "Create and delete reservation",
              "fullTitle": "Regression testing suite Create and delete reservation",
              "timedOut": null,
              "duration": 5123,
              "state": "passed",
              "speed": "slow",
              "pass": true,
              "fail": false,
              "pending": false,
              "context": null,
              "code": "let start = '2020-06-23';\nlet end = '2020-07-01';\nlet client = 1;\nlet room = 1;\nlet bill = 1;\ndashboard.viewReservations('Reservations');\nreservation.createReservation(start, end, client, room, bill, 'New Reservation');\nreservation.deleteReservation();\nreservation.backToDashboard('Tester Hotel Overview');",
              "err": {},
              "uuid": "1894165a-3c16-4fd7-922d-299e60cafeac",
              "parentUUID": "8a5bdf12-e7a0-4a8d-8ca1-ee22f113547d",
              "isHook": false,
              "skipped": false
            }
          ],
          "suites": [],
          "passes": [
            "4ffb460b-013c-419b-84f1-898d9c27d49d",
            "5e1ef571-fe0d-4b94-8716-3e018fed14d6",
            "bbcbee7e-426f-4c1c-a79e-2d232f571528",
            "03700a62-b272-439f-86ff-e82813312c18",
            "1894165a-3c16-4fd7-922d-299e60cafeac"
          ],
          "failures": [],
          "pending": [],
          "skipped": [],
          "duration": 54223,
          "root": false,
          "rootEmpty": false,
          "_timeout": 2000
        }
      ],
      "passes": [],
      "failures": [],
      "pending": [],
      "skipped": [],
      "duration": 0,
      "root": true,
      "rootEmpty": true,
      "_timeout": 2000
    }
  ],
  "meta": {
    "mocha": {
      "version": "7.0.1"
    },
    "mochawesome": {
      "options": {
        "quiet": false,
        "reportFilename": "mochawesome",
        "saveHtml": true,
        "saveJson": true,
        "consoleReporter": "spec",
        "useInlineDiffs": false,
        "code": true
      },
      "version": "7.0.1"
    },
    "marge": {
      "options": {
        "reportDir": "cypress/report/mochawesome-report",
        "overwrite": false,
        "html": true,
        "json": true,
        "timestamp": "mmddyyy_HHMMss"
      },
      "version": "6.0.1"
    }
  }
}