{
  "stats": {
    "suites": 1,
    "tests": 5,
    "passes": 4,
    "pending": 0,
    "failures": 1,
    "start": "2021-11-05T20:45:08.412Z",
    "end": "2021-11-05T20:46:20.343Z",
    "duration": 71931,
    "testsRegistered": 5,
    "passPercent": 80,
    "pendingPercent": 0,
    "other": 0,
    "hasOther": false,
    "skipped": 0,
    "hasSkipped": false
  },
  "results": [
    {
      "uuid": "72b4e394-72c9-4e9b-b904-5922c1897621",
      "title": "",
      "fullFile": "cypress/integration/regression-testing.spec.js",
      "file": "cypress/integration/regression-testing.spec.js",
      "beforeHooks": [],
      "afterHooks": [],
      "tests": [],
      "suites": [
        {
          "uuid": "239d36c4-9ab6-49e7-ac71-eb1b63097bec",
          "title": "Regression testing suite",
          "fullFile": "",
          "file": "",
          "beforeHooks": [],
          "afterHooks": [],
          "tests": [
            {
              "title": "Navigate the page",
              "fullTitle": "Regression testing suite Navigate the page",
              "timedOut": null,
              "duration": 36399,
              "state": "passed",
              "speed": "slow",
              "pass": true,
              "fail": false,
              "pending": false,
              "context": null,
              "code": "dashboard.viewRooms('Rooms');\nroom.checkCreatePage('New Room');\nroom.checkEditPage('Room: ');\nroom.backToDashboard();\ndashboard.viewClients('Clients');\nclient.checkCreatePage('New Client');\nclient.checkEditPage('Client: ');\nclient.backToDashboard();\ndashboard.viewBills('Bills');\nbill.checkCreatePage('New Bill');\nbill.checkEditPage('Bill: ');\nclient.backToDashboard();\ndashboard.viewReservations('Reservations');\nreservation.checkCreatePage('New Reservation');\nreservation.checkEditPage('Reservation: ');\nclient.backToDashboard();",
              "err": {},
              "uuid": "42b8f8f9-4c15-41f8-974e-1df81698d9d9",
              "parentUUID": "239d36c4-9ab6-49e7-ac71-eb1b63097bec",
              "isHook": false,
              "skipped": false
            },
            {
              "title": "Create and delete room",
              "fullTitle": "Regression testing suite Create and delete room",
              "timedOut": null,
              "duration": 5716,
              "state": "passed",
              "speed": "slow",
              "pass": true,
              "fail": false,
              "pending": false,
              "context": null,
              "code": "let category = 0;\nlet floorNmbr = 5;\nlet roomNmbr = 501;\nlet available = true;\nlet price = 1000;\nlet features = [1, 2];\ndashboard.viewRooms('Rooms');\nroom.createRoom(category, floorNmbr, roomNmbr, available, price, features, 'New Room');\nroom.deleteRoom();\nroom.backToDashboard('Tester Hotel Overview');",
              "err": {},
              "uuid": "6c712921-c107-4b31-a0b5-871d6fd3c67f",
              "parentUUID": "239d36c4-9ab6-49e7-ac71-eb1b63097bec",
              "isHook": false,
              "skipped": false
            },
            {
              "title": "Create and delete client",
              "fullTitle": "Regression testing suite Create and delete client",
              "timedOut": null,
              "duration": 5216,
              "state": "passed",
              "speed": "slow",
              "pass": true,
              "fail": false,
              "pending": false,
              "context": null,
              "code": "let name = 'testname';\nlet email = 'test@mail.com';\nlet phone = '070-1234567';\ndashboard.viewClients('Clients');\nclient.createClient(name, email, phone, 'New Client');\nclient.deleteClient();\nclient.backToDashboard('Tester Hotel Overview');",
              "err": {},
              "uuid": "53a2b0f7-f199-4796-a6d9-389c914d6a17",
              "parentUUID": "239d36c4-9ab6-49e7-ac71-eb1b63097bec",
              "isHook": false,
              "skipped": false
            },
            {
              "title": "Create and delete bill",
              "fullTitle": "Regression testing suite Create and delete bill",
              "timedOut": null,
              "duration": 4392,
              "state": "passed",
              "speed": "slow",
              "pass": true,
              "fail": false,
              "pending": false,
              "context": null,
              "code": "let value = '1500';\nlet paid = true;\ndashboard.viewBills('Bills');\nbill.createBill(value, paid, 'New Bill');\nbill.deleteBill();\nbill.backToDashboard('Tester Hotel Overview');",
              "err": {},
              "uuid": "f5206775-5c85-4cfa-996c-87f8746fd72f",
              "parentUUID": "239d36c4-9ab6-49e7-ac71-eb1b63097bec",
              "isHook": false,
              "skipped": false
            },
            {
              "title": "Create and delete reservation",
              "fullTitle": "Regression testing suite Create and delete reservation",
              "timedOut": null,
              "duration": 11325,
              "state": "failed",
              "speed": null,
              "pass": false,
              "fail": true,
              "pending": false,
              "context": null,
              "code": "let start = '2020-06-23';\nlet end = '2020-07-01';\nlet client = 1;\nlet room = 1;\nlet bill = 1;\ndashboard.viewReservations('Reservations');\nreservation.createReservation(start, end, client, room, bill, 'New Reservation');\nreservation.deleteReservation();\nreservation.backToDashboard('Tester Hotel Overview');",
              "err": {
                "message": "AssertionError: Timed out retrying after 4000ms: Expected to find element: `:nth-child(2) > .action > img`, but never found it.",
                "estack": "AssertionError: Timed out retrying after 4000ms: Expected to find element: `:nth-child(2) > .action > img`, but never found it.\n    at Object.deleteReservation (http://localhost:3000/__cypress/tests?p=cypress/integration/regression-testing.spec.js:470:6)\n    at Context.eval (http://localhost:3000/__cypress/tests?p=cypress/integration/regression-testing.spec.js:182:17)",
                "diff": null
              },
              "uuid": "1bf4ac70-4a98-4b0a-b510-436fb8c85fff",
              "parentUUID": "239d36c4-9ab6-49e7-ac71-eb1b63097bec",
              "isHook": false,
              "skipped": false
            }
          ],
          "suites": [],
          "passes": [
            "42b8f8f9-4c15-41f8-974e-1df81698d9d9",
            "6c712921-c107-4b31-a0b5-871d6fd3c67f",
            "53a2b0f7-f199-4796-a6d9-389c914d6a17",
            "f5206775-5c85-4cfa-996c-87f8746fd72f"
          ],
          "failures": [
            "1bf4ac70-4a98-4b0a-b510-436fb8c85fff"
          ],
          "pending": [],
          "skipped": [],
          "duration": 63048,
          "root": false,
          "rootEmpty": false,
          "_timeout": 2000
        }
      ],
      "passes": [],
      "failures": [],
      "pending": [],
      "skipped": [],
      "duration": 0,
      "root": true,
      "rootEmpty": true,
      "_timeout": 2000
    }
  ],
  "meta": {
    "mocha": {
      "version": "7.0.1"
    },
    "mochawesome": {
      "options": {
        "quiet": false,
        "reportFilename": "mochawesome",
        "saveHtml": true,
        "saveJson": true,
        "consoleReporter": "spec",
        "useInlineDiffs": false,
        "code": true
      },
      "version": "7.0.1"
    },
    "marge": {
      "options": {
        "reportDir": "cypress/report/mochawesome-report",
        "overwrite": false,
        "html": true,
        "json": true,
        "timestamp": "mmddyyy_HHMMss"
      },
      "version": "6.0.1"
    }
  }
}